C51 COMPILER V9.54   TIMER1                                                                08/22/2022 12:06:08 PAGE 1   


C51 COMPILER V9.54, COMPILATION OF MODULE TIMER1
OBJECT MODULE PLACED IN .\Objects\Timer1.obj
COMPILER INVOKED BY: D:\Keil5\C51\BIN\C51.EXE Timer1.c OPTIMIZE(8,SPEED) BROWSE DEBUG OBJECTEXTEND PRINT(.\Listings\Time
                    -r1.lst) OBJECT(.\Objects\Timer1.obj)

line level    source

   1          #include <REGX52.H>
   2          
   3          /**
   4            * @brief  T1初始化，16位模式，初始计数值0，暂停计数
   5            * @param  无
   6            * @retval 无
   7            */
   8          void Timer1Init()
   9          {
  10   1              TMOD &= 0x0F;
  11   1              TMOD |= 0x10;
  12   1              TF1 = 0;
  13   1              TH1 = 0;
  14   1              TL1 = 0;
  15   1              TR1 = 0;        //不计数
  16   1      }
  17          
  18          /**
  19            * @brief  设置T1计数
  20            * @param  无
  21            * @retval 无
  22            */
  23          void Timer1SetCount(unsigned int count)
  24          {
  25   1              TH1 = count/256;
  26   1              TL1 = count%256;
  27   1      }
  28          
  29          /**
  30            * @brief  获得T1计数
  31            * @param  无
  32            * @retval 计数值
  33            */
  34          unsigned int Timer1GetCount()
  35          {
  36   1              return ((TH1<<8) | TL1);        //利用强制转换，高位前移8位
  37   1      }
  38          
  39          /**
  40            * @brief  控制计时器是否计数
  41            * @param  runFlag 1开始计数，0暂停
  42            * @retval 无
  43            */
  44          void Timer1Run(unsigned char runFlag) 
  45          {
  46   1              if (runFlag == 1)
  47   1                      TR1 = 1;
  48   1              else
  49   1                      TR1 = 0;
  50   1      }
  51          


MODULE INFORMATION:   STATIC OVERLAYABLE
C51 COMPILER V9.54   TIMER1                                                                08/22/2022 12:06:08 PAGE 2   

   CODE SIZE        =     45    ----
   CONSTANT SIZE    =   ----    ----
   XDATA SIZE       =   ----    ----
   PDATA SIZE       =   ----    ----
   DATA SIZE        =   ----    ----
   IDATA SIZE       =   ----    ----
   BIT SIZE         =   ----    ----
END OF MODULE INFORMATION.


C51 COMPILATION COMPLETE.  0 WARNING(S),  0 ERROR(S)
